<?xml version="1.0" encoding="UTF-8"?>
<!-- Generated by org.testng.reporters.JUnitXMLReporter -->
<testsuite hostname="MyplexQA-PC" name=" livetv content play test" tests="1" failures="1" timestamp="11 Aug 2014 13:00:17 GMT" time="29.546" errors="0">
  <testcase name="testlivetv_content_play" time="29.545" classname="com.apalya.playcontent.livetv_play">
    <failure type="java.lang.RuntimeException" message="Exception caught while executing clickIn: Element wasn&amp;apos;t identified: &amp;apos;id=card_preview_image&amp;apos; at zone NATIVE">
      <![CDATA[java.lang.RuntimeException: Exception caught while executing clickIn: Element wasn't identified: 'id=card_preview_image' at zone NATIVE
	at com.experitest.client.Client.execute(Client.java:161)
	at com.experitest.client.Client.clickIn(Client.java:420)
	at com.apalya.utils.keywords.click_w_r_t_otherelement(keywords.java:181)
	at com.apalya.playcontent.livetv_play.testlivetv_content_play(livetv_play.java:27)
... Removed 24 stack frames]]>
    </failure>
  </testcase> <!-- testlivetv_content_play -->
</testsuite> <!--  livetv content play test -->
