<?xml version="1.0" encoding="UTF-8"?>
<!-- Generated by org.testng.reporters.JUnitXMLReporter -->
<testsuite hostname="MyplexQA-PC" name=" tvshow content play test" tests="1" failures="1" timestamp="11 Aug 2014 13:00:35 GMT" time="18.45" errors="0">
  <testcase name="tv_show_play" time="18.449" classname="com.apalya.playcontent.tvshow_play_dtr">
    <failure type="java.lang.RuntimeException" message="Exception caught while executing click: Element wasn&amp;apos;t identified: &amp;apos;text=settings&amp;apos; at zone NATIVE">
      <![CDATA[java.lang.RuntimeException: Exception caught while executing click: Element wasn't identified: 'text=settings' at zone NATIVE
	at com.experitest.client.Client.execute(Client.java:161)
	at com.experitest.client.Client.click(Client.java:336)
	at com.apalya.utils.keywords.click_native(keywords.java:85)
	at com.apalya.playcontent.tvshow_play_dtr.tv_show_play(tvshow_play_dtr.java:22)
... Removed 24 stack frames]]>
    </failure>
  </testcase> <!-- tv_show_play -->
</testsuite> <!--  tvshow content play test -->
