<?xml version="1.0" encoding="UTF-8"?>
<!-- Generated by org.testng.reporters.JUnitXMLReporter -->
<testsuite hostname="MyplexQA-PC" name="livetv reviews posting test" tests="1" failures="1" timestamp="11 Aug 2014 13:00:50 GMT" time="14.521" errors="0">
  <testcase name="testreviews_livetv" time="14.516" classname="com.apalya.reviews.livetv_reviews">
    <failure type="java.lang.RuntimeException" message="Exception caught while executing click: Element wasn&amp;apos;t identified: &amp;apos;text=login to myplex&amp;apos; at zone NATIVE">
      <![CDATA[java.lang.RuntimeException: Exception caught while executing click: Element wasn't identified: 'text=login to myplex' at zone NATIVE
	at com.experitest.client.Client.execute(Client.java:161)
	at com.experitest.client.Client.click(Client.java:336)
	at com.apalya.utils.keywords.click_native(keywords.java:85)
	at com.apalya.utils.reusable_functions.normal_myplex_login(reusable_functions.java:23)
	at com.apalya.reviews.livetv_reviews.testreviews_livetv(livetv_reviews.java:16)
... Removed 24 stack frames]]>
    </failure>
  </testcase> <!-- testreviews_livetv -->
</testsuite> <!-- livetv reviews posting test -->
