<?xml version="1.0" encoding="UTF-8"?>
<!-- Generated by org.testng.reporters.JUnitXMLReporter -->
<testsuite hostname="MyplexQA-PC" name="myplex login test" tests="1" failures="1" timestamp="11 Aug 2014 12:59:06 GMT" time="20.134" errors="0">
  <testcase name="testmyplex_login_scenario" time="20.132" classname="com.apalya.login.myplex_login_test">
    <failure type="java.lang.RuntimeException" message="Exception caught while executing click: Element wasn&amp;apos;t identified: &amp;apos;text=browse as guest&amp;apos; at zone NATIVE">
      <![CDATA[java.lang.RuntimeException: Exception caught while executing click: Element wasn't identified: 'text=browse as guest' at zone NATIVE
	at com.experitest.client.Client.execute(Client.java:161)
	at com.experitest.client.Client.click(Client.java:336)
	at com.apalya.utils.keywords.click_native(keywords.java:85)
	at com.apalya.utils.keywords.client_deregistration(keywords.java:15)
	at com.apalya.login.myplex_login_test.testmyplex_login_scenario(myplex_login_test.java:23)
... Removed 24 stack frames]]>
    </failure>
  </testcase> <!-- testmyplex_login_scenario -->
</testsuite> <!-- myplex login test -->
